
**** 05/16/24 03:28:24 *********** Evaluation PSpice (Nov 1999) **************

 * C:\Users\felipe\Desktop\DEV\Circuitos Eltricos\Lab3\Lab3-10-v2.sch


 ****     CIRCUIT DESCRIPTION


******************************************************************************




* Schematics Version 9.1 - Web Update 1
* Thu May 16 03:28:20 2024



** Analysis setup **
.tran 0ns 100ms 0 1us
.OP 


* From [PSPICE NETLIST] section of pspiceev.ini:
.lib "nom.lib"

.INC "Lab3-10-v2.net"

**** INCLUDING Lab3-10-v2.net ****
* Schematics Netlist *



R_Rf         $N_0002 $N_0001  1k  
E_U1         $N_0001 0 VALUE {LIMIT(V(0,$N_0002)*1E6,-15V,+15V)}
R_R1         $N_0003 $N_0002  1k  
V_V2         $N_0004 0 DC 0V AC 0V
+SIN 0V 0.33V 180Hz 0 0 0
R_R2         $N_0004 $N_0002  1k  
V_V3         $N_0005 0 DC 0V AC 0V
+SIN 0V 0.2V 300Hz 0 0 0
R_R3         $N_0005 $N_0002  1k  
V_V4         $N_0006 0 DC 0V AC 0V
+SIN 0V 0.14V 420Hz 0 0 0
R_R4         $N_0006 $N_0002  1k  
V_V5         $N_0007 0 DC 0V AC 0V
+SIN 0V 0.11V 540Hz 0 0 0
R_R5         $N_0007 $N_0002  1k  
V_V6         $N_0008 0 DC 0V AC 0V
+SIN 0V 0.09V 660Hz 0 0 0
R_R6         $N_0008 $N_0002  1k  
V_V1         $N_0003 0 DC 0V AC 0V
+SIN 0V 1V 60Hz 0 0 0

**** RESUMING Lab3-10-v2.cir ****
.INC "Lab3-10-v2.als"



**** INCLUDING Lab3-10-v2.als ****
* Schematics Aliases *

.ALIASES
R_Rf            Rf(1=$N_0002 2=$N_0001 )
E_U1            U1(OUT=$N_0001 +=0 -=$N_0002 )
R_R1            R1(1=$N_0003 2=$N_0002 )
V_V2            V2(+=$N_0004 -=0 )
R_R2            R2(1=$N_0004 2=$N_0002 )
V_V3            V3(+=$N_0005 -=0 )
R_R3            R3(1=$N_0005 2=$N_0002 )
V_V4            V4(+=$N_0006 -=0 )
R_R4            R4(1=$N_0006 2=$N_0002 )
V_V5            V5(+=$N_0007 -=0 )
R_R5            R5(1=$N_0007 2=$N_0002 )
V_V6            V6(+=$N_0008 -=0 )
R_R6            R6(1=$N_0008 2=$N_0002 )
V_V1            V1(+=$N_0003 -=0 )
.ENDALIASES


**** RESUMING Lab3-10-v2.cir ****
.probe


.END

**** 05/16/24 03:28:24 *********** Evaluation PSpice (Nov 1999) **************

 * C:\Users\felipe\Desktop\DEV\Circuitos Eltricos\Lab3\Lab3-10-v2.sch


 ****     SMALL SIGNAL BIAS SOLUTION       TEMPERATURE =   27.000 DEG C


******************************************************************************



 NODE   VOLTAGE     NODE   VOLTAGE     NODE   VOLTAGE     NODE   VOLTAGE


($N_0001)    0.0000                   ($N_0002)    0.0000                       

($N_0003)    0.0000                   ($N_0004)    0.0000                       

($N_0005)    0.0000                   ($N_0006)    0.0000                       

($N_0007)    0.0000                   ($N_0008)    0.0000                   




    VOLTAGE SOURCE CURRENTS
    NAME         CURRENT

    V_V2         0.000E+00
    V_V3         0.000E+00
    V_V4         0.000E+00
    V_V5         0.000E+00
    V_V6         0.000E+00
    V_V1         0.000E+00

    TOTAL POWER DISSIPATION   0.00E+00  WATTS


**** 05/16/24 03:28:24 *********** Evaluation PSpice (Nov 1999) **************

 * C:\Users\felipe\Desktop\DEV\Circuitos Eltricos\Lab3\Lab3-10-v2.sch


 ****     OPERATING POINT INFORMATION      TEMPERATURE =   27.000 DEG C


******************************************************************************






**** VOLTAGE-CONTROLLED VOLTAGE SOURCES


NAME         E_U1      
V-SOURCE     0.000E+00
I-SOURCE     0.000E+00
**** 05/16/24 03:28:24 *********** Evaluation PSpice (Nov 1999) **************

 * C:\Users\felipe\Desktop\DEV\Circuitos Eltricos\Lab3\Lab3-10-v2.sch


 ****     INITIAL TRANSIENT SOLUTION       TEMPERATURE =   27.000 DEG C


******************************************************************************



 NODE   VOLTAGE     NODE   VOLTAGE     NODE   VOLTAGE     NODE   VOLTAGE


($N_0001)    0.0000                   ($N_0002)    0.0000                       

($N_0003)    0.0000                   ($N_0004)    0.0000                       

($N_0005)    0.0000                   ($N_0006)    0.0000                       

($N_0007)    0.0000                   ($N_0008)    0.0000                   




    VOLTAGE SOURCE CURRENTS
    NAME         CURRENT

    V_V2         0.000E+00
    V_V3         0.000E+00
    V_V4         0.000E+00
    V_V5         0.000E+00
    V_V6         0.000E+00
    V_V1         0.000E+00

    TOTAL POWER DISSIPATION   0.00E+00  WATTS



          JOB CONCLUDED

          TOTAL JOB TIME            3.41
